03:43:24.435 GMT - Setup mode is default mode
03:43:24.436 GMT - Start listening on port 8585
04:37:27.176 GMT - OK, table user dropped if existed
04:37:27.317 GMT - OK, table user created if not existed
04:37:27.330 GMT - OK, table user confirm dropped if existed
04:37:27.403 GMT - OK, table user confirm created if not existed
04:37:27.412 GMT - OK, table reset password dropped if existed
04:37:27.426 GMT - OK, table delete user dropped if existed
04:37:27.476 GMT - OK, table reset password created if not existed
04:37:27.493 GMT - OK, table delete user created if not existed
04:37:27.500 GMT - OK, table modify email dropped if existed
04:37:27.560 GMT - OK, table modify email created if not existed
04:48:03.545 GMT - Error DB: Error: ER_NO_SUCH_TABLE: Table 'usertest.undefined' doesn't exist
04:51:05.068 GMT - Error DB: Error: ER_NO_SUCH_TABLE: Table 'usertest.undefined' doesn't exist
04:54:12.488 GMT - Error DB: Error: ER_NO_SUCH_TABLE: Table 'usertest.undefined' doesn't exist
05:12:53.413 GMT - Error DB: Error: ER_NO_SUCH_TABLE: Table 'usertest.undefined' doesn't exist
05:16:45.204 GMT - DB error verify password: josephwele@yahoo.com : Error: ER_NO_SUCH_TABLE: Table 'usertest.undefined' doesn't exist
05:16:45.206 GMT - Error login: Error: ER_NO_SUCH_TABLE: Table 'usertest.undefined' doesn't exist
05:17:36.189 GMT - DB error verify password: josephwele@yahoo.com : Error: ER_NO_SUCH_TABLE: Table 'usertest.undefined' doesn't exist
05:17:36.190 GMT - Error login: Error: ER_NO_SUCH_TABLE: Table 'usertest.undefined' doesn't exist
05:20:28.305 GMT - DB error verify password: josephwele@yahoo.com : Error: ER_NO_SUCH_TABLE: Table 'usertest.undefined' doesn't exist
05:20:28.306 GMT - Error login: Error: ER_NO_SUCH_TABLE: Table 'usertest.undefined' doesn't exist
05:21:39.942 GMT - Error DB: Error: ER_NO_SUCH_TABLE: Table 'usertest.undefined' doesn't exist
05:22:15.027 GMT - Error DB: Error: ER_NO_SUCH_TABLE: Table 'usertest.undefined' doesn't exist
05:26:45.427 GMT - OK, table user dropped if existed
05:26:45.545 GMT - OK, table user created if not existed
05:26:45.552 GMT - OK, table user confirm dropped if existed
05:26:45.617 GMT - OK, table user confirm created if not existed
05:26:45.626 GMT - OK, table reset password dropped if existed
05:26:45.646 GMT - OK, table delete user dropped if existed
05:26:45.717 GMT - OK, table reset password created if not existed
05:26:45.732 GMT - OK, table delete user created if not existed
05:26:45.738 GMT - OK, table modify email dropped if existed
05:26:45.802 GMT - OK, table modify email created if not existed
23:40:10.924 GMT - Error: ER_NOT_SUPPORTED_AUTH_MODE: Client does not support authentication protocol requested by server; consider upgrading MySQL client
23:41:26.830 GMT - Error: ER_NOT_SUPPORTED_AUTH_MODE: Client does not support authentication protocol requested by server; consider upgrading MySQL client
23:43:34.280 GMT - Error: ER_NOT_SUPPORTED_AUTH_MODE: Client does not support authentication protocol requested by server; consider upgrading MySQL client
23:44:34.751 GMT - Error: ER_NOT_SUPPORTED_AUTH_MODE: Client does not support authentication protocol requested by server; consider upgrading MySQL client
23:49:55.822 GMT - Error: ER_NOT_SUPPORTED_AUTH_MODE: Client does not support authentication protocol requested by server; consider upgrading MySQL client
