<<<<<<< HEAD
04:26:35.515 GMT - Error: ER_ACCESS_DENIED_ERROR: Access denied for user 'node_user'@'localhost' (using password: NO)
=======
00:03:35.306 GMT - OK, table user dropped if existed
00:03:35.333 GMT - OK, table user created if not existed
00:03:35.335 GMT - OK, table user confirm dropped if existed
00:03:35.349 GMT - OK, table user confirm created if not existed
00:03:35.353 GMT - OK, table reset password dropped if existed
00:03:35.356 GMT - OK, table delete user dropped if existed
00:03:35.370 GMT - OK, table reset password created if not existed
00:03:35.372 GMT - OK, table delete user created if not existed
00:03:35.374 GMT - OK, table modify email dropped if existed
00:03:35.389 GMT - OK, table modify email created if not existed
00:18:11.659 GMT - OK, table user dropped if existed
00:18:11.687 GMT - OK, table user created if not existed
00:18:11.692 GMT - OK, table user confirm dropped if existed
00:18:11.712 GMT - OK, table user confirm created if not existed
00:18:11.715 GMT - OK, table reset password dropped if existed
00:18:11.724 GMT - OK, table delete user dropped if existed
00:18:11.741 GMT - OK, table reset password created if not existed
00:18:11.747 GMT - OK, table delete user created if not existed
00:18:11.749 GMT - OK, table modify email dropped if existed
00:18:11.775 GMT - OK, table modify email created if not existed
00:22:53.104 GMT - OK, table user dropped if existed
00:22:53.137 GMT - OK, table user created if not existed
00:22:53.141 GMT - OK, table user confirm dropped if existed
00:22:53.172 GMT - OK, table user confirm created if not existed
00:22:53.175 GMT - OK, table reset password dropped if existed
00:22:53.184 GMT - OK, table delete user dropped if existed
00:22:53.201 GMT - OK, table reset password created if not existed
00:22:53.208 GMT - OK, table delete user created if not existed
00:22:53.222 GMT - OK, table modify email dropped if existed
00:22:53.255 GMT - OK, table modify email created if not existed
01:23:42.626 GMT - OK, table user dropped if existed
01:23:42.647 GMT - OK, table user created if not existed
01:23:42.649 GMT - OK, table user confirm dropped if existed
01:23:42.662 GMT - OK, table user confirm created if not existed
01:23:42.664 GMT - OK, table reset password dropped if existed
01:23:42.669 GMT - OK, table delete user dropped if existed
01:23:42.681 GMT - OK, table reset password created if not existed
01:23:42.685 GMT - OK, table delete user created if not existed
01:23:42.689 GMT - OK, table modify email dropped if existed
01:23:42.704 GMT - OK, table modify email created if not existed
01:26:01.673 GMT - OK, table user dropped if existed
01:26:01.692 GMT - OK, table user created if not existed
01:26:01.694 GMT - OK, table user confirm dropped if existed
01:26:01.707 GMT - OK, table user confirm created if not existed
01:26:01.710 GMT - OK, table reset password dropped if existed
01:26:01.713 GMT - OK, table delete user dropped if existed
01:26:01.721 GMT - OK, table reset password created if not existed
01:26:01.725 GMT - OK, table delete user created if not existed
01:26:01.727 GMT - OK, table modify email dropped if existed
01:26:01.740 GMT - OK, table modify email created if not existed
01:27:46.399 GMT - OK, table user dropped if existed
01:27:46.418 GMT - OK, table user created if not existed
01:27:46.420 GMT - OK, table user confirm dropped if existed
01:27:46.435 GMT - OK, table user confirm created if not existed
01:27:46.437 GMT - OK, table reset password dropped if existed
01:27:46.440 GMT - OK, table delete user dropped if existed
01:27:46.448 GMT - OK, table reset password created if not existed
01:27:46.453 GMT - OK, table delete user created if not existed
01:27:46.454 GMT - OK, table modify email dropped if existed
01:27:46.468 GMT - OK, table modify email created if not existed
15:40:40.151 GMT - OK, table user dropped if existed
15:40:40.176 GMT - OK, table user created if not existed
15:40:40.178 GMT - OK, table user confirm dropped if existed
15:40:40.188 GMT - OK, table user confirm created if not existed
15:40:40.189 GMT - OK, table reset password dropped if existed
15:40:40.193 GMT - OK, table delete user dropped if existed
15:40:40.204 GMT - OK, table delete user created if not existed
15:40:40.206 GMT - OK, table modify email dropped if existed
15:40:40.216 GMT - OK, table modify email created if not existed
15:40:40.234 GMT - OK, table reset password created if not existed
>>>>>>> 20ab5bf581e7309597b5562c2745a06262cabf2e
